<?xml version="1.0" encoding="UTF-8"?>
<testng-results ignored="0" total="1" passed="1" failed="0" skipped="0">
  <reporter-output>
  </reporter-output>
  <suite started-at="2022-07-12T18:45:01 IST" name="Default suite" finished-at="2022-07-12T18:45:19 IST" duration-ms="17868">
    <groups>
    </groups>
    <test started-at="2022-07-12T18:45:01 IST" name="Default test" finished-at="2022-07-12T18:45:19 IST" duration-ms="17868">
      <class name="screen.demo">
        <test-method signature="Tstdemo()[pri:0, instance:screen.demo@4facf68f]" started-at="2022-07-12T18:45:01 IST" name="Tstdemo" finished-at="2022-07-12T18:45:19 IST" duration-ms="17804" status="PASS">
          <reporter-output>
          </reporter-output>
        </test-method> <!-- Tstdemo -->
      </class> <!-- screen.demo -->
    </test> <!-- Default test -->
  </suite> <!-- Default suite -->
</testng-results>
